<?xml version="1.0" encoding="UTF-8"?>
<!-- Generated by org.testng.reporters.JUnitReportReporter -->
<testsuite hostname="Mohan" name="com.projectName.LoginModule.AT_Login_Invalid" tests="1" failures="0" timestamp="30 Dec 2017 11:40:47 GMT" time="40.679" errors="0">
  <testcase name="testAT_Login_Invalid" time="40.679" classname="com.projectName.LoginModule.AT_Login_Invalid"/>
</testsuite> <!-- com.projectName.LoginModule.AT_Login_Invalid -->
